*** Starting uWSGI 2.0.15-debian (64bit) on [Mon Jun 17 19:10:07 2019] ***
compiled with version: 7.3.0 on 28 September 2018 15:41:15
os: Linux-4.15.0-51-generic #55-Ubuntu SMP Wed May 15 14:27:21 UTC 2019
nodename: vps699812
machine: x86_64
clock source: unix
pcre jit disabled
detected number of CPU cores: 1
current working directory: /var/www/html/fifo_and_lifo
detected binary path: /usr/bin/uwsgi-core
dropping root privileges as early as possible
setgid() to 33
setuid() to 33
chdir() to /var/www/html/fifo_and_lifo
your processes number limit is 7679
your memory page size is 4096 bytes
detected max file descriptor number: 1024
lock engine: pthread robust mutexes
thunder lock: disabled (you can enable it with --thunder-lock)
uwsgi socket 0 bound to UNIX address /tmp/fifoandlifo.sock fd 3
dropping root privileges after socket binding
Python version: 2.7.15+ (default, Nov 27 2018, 23:36:35)  [GCC 7.3.0]
*** Python threads support is disabled. You can enable it with --enable-threads ***
Python main interpreter initialized at 0x55a0a81edaa0
dropping root privileges after plugin initialization
your server socket listen backlog is limited to 100 connections
your mercy for graceful operations on workers is 60 seconds
mapped 800448 bytes (781 KB) for 10 cores
*** Operational MODE: preforking ***
  File "./main.py", line 15
SyntaxError: Non-ASCII character '\xc3' in file ./main.py on line 16, but no encoding declared; see http://python.org/dev/peps/pep-0263/ for details
unable to load app 0 (mountpoint='') (callable not found or import error)
*** no app loaded. going in full dynamic mode ***
dropping root privileges after application loading
*** uWSGI is running in multiple interpreter mode ***
spawned uWSGI master process (pid: 5234)
spawned uWSGI worker 1 (pid: 5235, cores: 1)
spawned uWSGI worker 2 (pid: 5236, cores: 1)
spawned uWSGI worker 3 (pid: 5237, cores: 1)
spawned uWSGI worker 4 (pid: 5238, cores: 1)
spawned uWSGI worker 5 (pid: 5239, cores: 1)
spawned uWSGI worker 6 (pid: 5240, cores: 1)
spawned uWSGI worker 7 (pid: 5241, cores: 1)
spawned uWSGI worker 8 (pid: 5242, cores: 1)
spawned uWSGI worker 9 (pid: 5243, cores: 1)
spawned uWSGI worker 10 (pid: 5244, cores: 1)
--- no python application found, check your startup logs for errors ---
[pid: 5239|app: -1|req: -1/1] 80.8.197.33 () {42 vars in 751 bytes} [Mon Jun 17 19:10:37 2019] GET / => generated 21 bytes in 0 msecs (HTTP/1.1 500) 2 headers in 83 bytes (1 switches on core 0)
SIGINT/SIGQUIT received...killing workers...
worker 1 buried after 1 seconds
worker 2 buried after 1 seconds
worker 3 buried after 1 seconds
worker 4 buried after 1 seconds
worker 5 buried after 1 seconds
worker 6 buried after 1 seconds
worker 7 buried after 1 seconds
worker 8 buried after 1 seconds
worker 9 buried after 1 seconds
worker 10 buried after 1 seconds
goodbye to uWSGI.
VACUUM: unix socket /tmp/fifoandlifo.sock removed.
*** Starting uWSGI 2.0.15-debian (64bit) on [Mon Jun 17 19:11:02 2019] ***
compiled with version: 7.3.0 on 28 September 2018 15:41:15
os: Linux-4.15.0-51-generic #55-Ubuntu SMP Wed May 15 14:27:21 UTC 2019
nodename: vps699812
machine: x86_64
clock source: unix
pcre jit disabled
detected number of CPU cores: 1
current working directory: /var/www/html/fifo_and_lifo
detected binary path: /usr/bin/uwsgi-core
dropping root privileges as early as possible
setgid() to 33
setuid() to 33
chdir() to /var/www/html/fifo_and_lifo
your processes number limit is 7679
your memory page size is 4096 bytes
detected max file descriptor number: 1024
lock engine: pthread robust mutexes
thunder lock: disabled (you can enable it with --thunder-lock)
uwsgi socket 0 bound to UNIX address /tmp/fifoandlifo.sock fd 3
dropping root privileges after socket binding
Python version: 2.7.15+ (default, Nov 27 2018, 23:36:35)  [GCC 7.3.0]
*** Python threads support is disabled. You can enable it with --enable-threads ***
Python main interpreter initialized at 0x55eaef967aa0
dropping root privileges after plugin initialization
your server socket listen backlog is limited to 100 connections
your mercy for graceful operations on workers is 60 seconds
mapped 800448 bytes (781 KB) for 10 cores
*** Operational MODE: preforking ***
  File "./main.py", line 15
SyntaxError: Non-ASCII character '\xc3' in file ./main.py on line 16, but no encoding declared; see http://python.org/dev/peps/pep-0263/ for details
unable to load app 0 (mountpoint='') (callable not found or import error)
*** no app loaded. going in full dynamic mode ***
dropping root privileges after application loading
*** uWSGI is running in multiple interpreter mode ***
spawned uWSGI master process (pid: 5246)
spawned uWSGI worker 1 (pid: 5247, cores: 1)
spawned uWSGI worker 2 (pid: 5248, cores: 1)
spawned uWSGI worker 3 (pid: 5249, cores: 1)
spawned uWSGI worker 4 (pid: 5250, cores: 1)
spawned uWSGI worker 5 (pid: 5251, cores: 1)
spawned uWSGI worker 6 (pid: 5252, cores: 1)
spawned uWSGI worker 7 (pid: 5253, cores: 1)
spawned uWSGI worker 8 (pid: 5254, cores: 1)
spawned uWSGI worker 9 (pid: 5255, cores: 1)
spawned uWSGI worker 10 (pid: 5256, cores: 1)
--- no python application found, check your startup logs for errors ---
[pid: 5252|app: -1|req: -1/1] 80.8.197.33 () {42 vars in 751 bytes} [Mon Jun 17 19:11:09 2019] GET / => generated 21 bytes in 0 msecs (HTTP/1.1 500) 2 headers in 83 bytes (0 switches on core 0)
--- no python application found, check your startup logs for errors ---
[pid: 5253|app: -1|req: -1/2] 80.8.197.33 () {42 vars in 751 bytes} [Mon Jun 17 19:11:10 2019] GET / => generated 21 bytes in 0 msecs (HTTP/1.1 500) 2 headers in 83 bytes (0 switches on core 0)
--- no python application found, check your startup logs for errors ---
[pid: 5248|app: -1|req: -1/3] 80.8.197.33 () {42 vars in 751 bytes} [Mon Jun 17 19:11:10 2019] GET / => generated 21 bytes in 0 msecs (HTTP/1.1 500) 2 headers in 83 bytes (0 switches on core 0)
--- no python application found, check your startup logs for errors ---
[pid: 5252|app: -1|req: -1/4] 80.8.197.33 () {42 vars in 751 bytes} [Mon Jun 17 19:11:10 2019] GET / => generated 21 bytes in 0 msecs (HTTP/1.1 500) 2 headers in 83 bytes (0 switches on core 0)
--- no python application found, check your startup logs for errors ---
[pid: 5250|app: -1|req: -1/5] 80.8.197.33 () {42 vars in 751 bytes} [Mon Jun 17 19:11:11 2019] GET / => generated 21 bytes in 0 msecs (HTTP/1.1 500) 2 headers in 83 bytes (0 switches on core 0)
--- no python application found, check your startup logs for errors ---
[pid: 5254|app: -1|req: -1/6] 80.8.197.33 () {42 vars in 751 bytes} [Mon Jun 17 19:11:30 2019] GET / => generated 21 bytes in 0 msecs (HTTP/1.1 500) 2 headers in 83 bytes (1 switches on core 0)
--- no python application found, check your startup logs for errors ---
[pid: 5251|app: -1|req: -1/7] 80.8.197.33 () {42 vars in 751 bytes} [Mon Jun 17 19:11:30 2019] GET / => generated 21 bytes in 0 msecs (HTTP/1.1 500) 2 headers in 83 bytes (1 switches on core 0)
SIGINT/SIGQUIT received...killing workers...
worker 1 buried after 2 seconds
worker 2 buried after 2 seconds
worker 3 buried after 2 seconds
worker 4 buried after 2 seconds
worker 5 buried after 2 seconds
worker 6 buried after 2 seconds
worker 7 buried after 2 seconds
worker 8 buried after 2 seconds
worker 9 buried after 2 seconds
worker 10 buried after 2 seconds
goodbye to uWSGI.
VACUUM: unix socket /tmp/fifoandlifo.sock removed.
*** Starting uWSGI 2.0.15-debian (64bit) on [Mon Jun 17 19:12:24 2019] ***
compiled with version: 7.3.0 on 28 September 2018 15:41:15
os: Linux-4.15.0-51-generic #55-Ubuntu SMP Wed May 15 14:27:21 UTC 2019
nodename: vps699812
machine: x86_64
clock source: unix
pcre jit disabled
detected number of CPU cores: 1
current working directory: /var/www/html/fifo_and_lifo
detected binary path: /usr/bin/uwsgi-core
dropping root privileges as early as possible
setgid() to 33
setuid() to 33
chdir() to /var/www/html/fifo_and_lifo
your processes number limit is 7679
your memory page size is 4096 bytes
detected max file descriptor number: 1024
lock engine: pthread robust mutexes
thunder lock: disabled (you can enable it with --thunder-lock)
uwsgi socket 0 bound to UNIX address /tmp/fifoandlifo.sock fd 3
dropping root privileges after socket binding
Python version: 2.7.15+ (default, Nov 27 2018, 23:36:35)  [GCC 7.3.0]
*** Python threads support is disabled. You can enable it with --enable-threads ***
Python main interpreter initialized at 0x55719fa68aa0
dropping root privileges after plugin initialization
your server socket listen backlog is limited to 100 connections
your mercy for graceful operations on workers is 60 seconds
mapped 800448 bytes (781 KB) for 10 cores
*** Operational MODE: preforking ***
  File "./main.py", line 15
SyntaxError: Non-ASCII character '\xc3' in file ./main.py on line 16, but no encoding declared; see http://python.org/dev/peps/pep-0263/ for details
unable to load app 0 (mountpoint='') (callable not found or import error)
*** no app loaded. going in full dynamic mode ***
dropping root privileges after application loading
*** uWSGI is running in multiple interpreter mode ***
spawned uWSGI master process (pid: 5258)
spawned uWSGI worker 1 (pid: 5259, cores: 1)
spawned uWSGI worker 2 (pid: 5260, cores: 1)
spawned uWSGI worker 3 (pid: 5261, cores: 1)
spawned uWSGI worker 4 (pid: 5262, cores: 1)
spawned uWSGI worker 5 (pid: 5263, cores: 1)
spawned uWSGI worker 6 (pid: 5264, cores: 1)
spawned uWSGI worker 7 (pid: 5265, cores: 1)
spawned uWSGI worker 8 (pid: 5266, cores: 1)
spawned uWSGI worker 9 (pid: 5267, cores: 1)
spawned uWSGI worker 10 (pid: 5268, cores: 1)
--- no python application found, check your startup logs for errors ---
[pid: 5263|app: -1|req: -1/1] 80.8.197.33 () {42 vars in 751 bytes} [Mon Jun 17 19:12:37 2019] GET / => generated 21 bytes in 0 msecs (HTTP/1.1 500) 2 headers in 83 bytes (0 switches on core 0)
SIGINT/SIGQUIT received...killing workers...
worker 1 buried after 1 seconds
worker 2 buried after 1 seconds
worker 3 buried after 1 seconds
worker 4 buried after 1 seconds
worker 5 buried after 1 seconds
worker 6 buried after 1 seconds
worker 7 buried after 1 seconds
worker 8 buried after 1 seconds
worker 9 buried after 1 seconds
worker 10 buried after 1 seconds
goodbye to uWSGI.
VACUUM: unix socket /tmp/fifoandlifo.sock removed.
*** Starting uWSGI 2.0.15-debian (64bit) on [Mon Jun 17 19:14:22 2019] ***
compiled with version: 7.3.0 on 28 September 2018 15:41:15
os: Linux-4.15.0-51-generic #55-Ubuntu SMP Wed May 15 14:27:21 UTC 2019
nodename: vps699812
machine: x86_64
clock source: unix
pcre jit disabled
detected number of CPU cores: 1
current working directory: /var/www/html/fifo_and_lifo
detected binary path: /usr/bin/uwsgi-core
dropping root privileges as early as possible
uWSGI running as root, you can use --uid/--gid/--chroot options
*** WARNING: you are running uWSGI as root !!! (use the --uid flag) *** 
chdir() to /var/www/html/fifo_and_lifo
your processes number limit is 7679
your memory page size is 4096 bytes
detected max file descriptor number: 1024
lock engine: pthread robust mutexes
thunder lock: disabled (you can enable it with --thunder-lock)
uwsgi socket 0 bound to UNIX address /tmp/fifoandlifo.sock fd 3
dropping root privileges after socket binding
uWSGI running as root, you can use --uid/--gid/--chroot options
*** WARNING: you are running uWSGI as root !!! (use the --uid flag) *** 
Python version: 2.7.15+ (default, Nov 27 2018, 23:36:35)  [GCC 7.3.0]
*** Python threads support is disabled. You can enable it with --enable-threads ***
Python main interpreter initialized at 0x5583f4f60720
dropping root privileges after plugin initialization
uWSGI running as root, you can use --uid/--gid/--chroot options
*** WARNING: you are running uWSGI as root !!! (use the --uid flag) *** 
your server socket listen backlog is limited to 100 connections
your mercy for graceful operations on workers is 60 seconds
mapped 800448 bytes (781 KB) for 10 cores
*** Operational MODE: preforking ***
  File "./main.py", line 15
SyntaxError: Non-ASCII character '\xc3' in file ./main.py on line 16, but no encoding declared; see http://python.org/dev/peps/pep-0263/ for details
unable to load app 0 (mountpoint='') (callable not found or import error)
*** no app loaded. going in full dynamic mode ***
dropping root privileges after application loading
uWSGI running as root, you can use --uid/--gid/--chroot options
*** WARNING: you are running uWSGI as root !!! (use the --uid flag) *** 
*** uWSGI is running in multiple interpreter mode ***
spawned uWSGI master process (pid: 5272)
spawned uWSGI worker 1 (pid: 5273, cores: 1)
spawned uWSGI worker 2 (pid: 5274, cores: 1)
spawned uWSGI worker 3 (pid: 5275, cores: 1)
spawned uWSGI worker 4 (pid: 5276, cores: 1)
spawned uWSGI worker 5 (pid: 5277, cores: 1)
spawned uWSGI worker 6 (pid: 5278, cores: 1)
spawned uWSGI worker 7 (pid: 5279, cores: 1)
spawned uWSGI worker 8 (pid: 5280, cores: 1)
spawned uWSGI worker 9 (pid: 5281, cores: 1)
spawned uWSGI worker 10 (pid: 5282, cores: 1)
SIGINT/SIGQUIT received...killing workers...
worker 1 buried after 1 seconds
worker 2 buried after 1 seconds
worker 3 buried after 1 seconds
worker 4 buried after 1 seconds
worker 5 buried after 1 seconds
worker 6 buried after 1 seconds
worker 7 buried after 1 seconds
worker 8 buried after 1 seconds
worker 9 buried after 1 seconds
worker 10 buried after 1 seconds
goodbye to uWSGI.
VACUUM: unix socket /tmp/fifoandlifo.sock removed.
*** Starting uWSGI 2.0.15-debian (64bit) on [Tue Jun 18 08:12:25 2019] ***
compiled with version: 7.3.0 on 28 September 2018 15:41:15
os: Linux-4.15.0-51-generic #55-Ubuntu SMP Wed May 15 14:27:21 UTC 2019
nodename: vps699812
machine: x86_64
clock source: unix
pcre jit disabled
detected number of CPU cores: 1
current working directory: /var/www/html/fifo_and_lifo
detected binary path: /usr/bin/uwsgi-core
dropping root privileges as early as possible
uWSGI running as root, you can use --uid/--gid/--chroot options
*** WARNING: you are running uWSGI as root !!! (use the --uid flag) *** 
chdir() to /var/www/html/fifo_and_lifo
your processes number limit is 7679
your memory page size is 4096 bytes
detected max file descriptor number: 1024
lock engine: pthread robust mutexes
thunder lock: disabled (you can enable it with --thunder-lock)
uwsgi socket 0 bound to UNIX address /tmp/fifoandlifo.sock fd 3
dropping root privileges after socket binding
uWSGI running as root, you can use --uid/--gid/--chroot options
*** WARNING: you are running uWSGI as root !!! (use the --uid flag) *** 
Python version: 2.7.15+ (default, Nov 27 2018, 23:36:35)  [GCC 7.3.0]
*** Python threads support is disabled. You can enable it with --enable-threads ***
Python main interpreter initialized at 0x5575137ca720
dropping root privileges after plugin initialization
uWSGI running as root, you can use --uid/--gid/--chroot options
*** WARNING: you are running uWSGI as root !!! (use the --uid flag) *** 
your server socket listen backlog is limited to 100 connections
your mercy for graceful operations on workers is 60 seconds
mapped 800448 bytes (781 KB) for 10 cores
*** Operational MODE: preforking ***
  File "./main.py", line 15
SyntaxError: Non-ASCII character '\xc3' in file ./main.py on line 16, but no encoding declared; see http://python.org/dev/peps/pep-0263/ for details
unable to load app 0 (mountpoint='') (callable not found or import error)
*** no app loaded. going in full dynamic mode ***
dropping root privileges after application loading
uWSGI running as root, you can use --uid/--gid/--chroot options
*** WARNING: you are running uWSGI as root !!! (use the --uid flag) *** 
*** uWSGI is running in multiple interpreter mode ***
spawned uWSGI master process (pid: 6895)
spawned uWSGI worker 1 (pid: 6896, cores: 1)
spawned uWSGI worker 2 (pid: 6897, cores: 1)
spawned uWSGI worker 3 (pid: 6898, cores: 1)
spawned uWSGI worker 4 (pid: 6899, cores: 1)
spawned uWSGI worker 5 (pid: 6900, cores: 1)
spawned uWSGI worker 6 (pid: 6901, cores: 1)
spawned uWSGI worker 7 (pid: 6902, cores: 1)
spawned uWSGI worker 8 (pid: 6903, cores: 1)
spawned uWSGI worker 9 (pid: 6904, cores: 1)
spawned uWSGI worker 10 (pid: 6905, cores: 1)
SIGINT/SIGQUIT received...killing workers...
worker 1 buried after 1 seconds
worker 2 buried after 1 seconds
worker 3 buried after 1 seconds
worker 4 buried after 1 seconds
worker 5 buried after 1 seconds
worker 6 buried after 1 seconds
worker 7 buried after 1 seconds
worker 8 buried after 1 seconds
worker 9 buried after 1 seconds
worker 10 buried after 1 seconds
goodbye to uWSGI.
VACUUM: unix socket /tmp/fifoandlifo.sock removed.
*** Starting uWSGI 2.0.15-debian (64bit) on [Tue Jun 18 08:15:05 2019] ***
compiled with version: 7.3.0 on 28 September 2018 15:41:15
os: Linux-4.15.0-51-generic #55-Ubuntu SMP Wed May 15 14:27:21 UTC 2019
nodename: vps699812
machine: x86_64
clock source: unix
pcre jit disabled
detected number of CPU cores: 1
current working directory: /var/www/html/fifo_and_lifo
detected binary path: /usr/bin/uwsgi-core
dropping root privileges as early as possible
uWSGI running as root, you can use --uid/--gid/--chroot options
*** WARNING: you are running uWSGI as root !!! (use the --uid flag) *** 
chdir() to /var/www/html/fifo_and_lifo
your processes number limit is 7679
your memory page size is 4096 bytes
detected max file descriptor number: 1024
lock engine: pthread robust mutexes
thunder lock: disabled (you can enable it with --thunder-lock)
uwsgi socket 0 bound to UNIX address /tmp/fifoandlifo.sock fd 3
dropping root privileges after socket binding
uWSGI running as root, you can use --uid/--gid/--chroot options
*** WARNING: you are running uWSGI as root !!! (use the --uid flag) *** 
Python version: 2.7.15+ (default, Nov 27 2018, 23:36:35)  [GCC 7.3.0]
*** Python threads support is disabled. You can enable it with --enable-threads ***
Python main interpreter initialized at 0x55f578d41720
dropping root privileges after plugin initialization
uWSGI running as root, you can use --uid/--gid/--chroot options
*** WARNING: you are running uWSGI as root !!! (use the --uid flag) *** 
your server socket listen backlog is limited to 100 connections
your mercy for graceful operations on workers is 60 seconds
mapped 800448 bytes (781 KB) for 10 cores
*** Operational MODE: preforking ***
  File "./main.py", line 15
SyntaxError: Non-ASCII character '\xc3' in file ./main.py on line 16, but no encoding declared; see http://python.org/dev/peps/pep-0263/ for details
unable to load app 0 (mountpoint='') (callable not found or import error)
*** no app loaded. going in full dynamic mode ***
dropping root privileges after application loading
uWSGI running as root, you can use --uid/--gid/--chroot options
*** WARNING: you are running uWSGI as root !!! (use the --uid flag) *** 
*** uWSGI is running in multiple interpreter mode ***
spawned uWSGI master process (pid: 6910)
spawned uWSGI worker 1 (pid: 6911, cores: 1)
spawned uWSGI worker 2 (pid: 6912, cores: 1)
spawned uWSGI worker 3 (pid: 6913, cores: 1)
spawned uWSGI worker 4 (pid: 6914, cores: 1)
spawned uWSGI worker 5 (pid: 6915, cores: 1)
spawned uWSGI worker 6 (pid: 6916, cores: 1)
spawned uWSGI worker 7 (pid: 6917, cores: 1)
spawned uWSGI worker 8 (pid: 6918, cores: 1)
spawned uWSGI worker 9 (pid: 6919, cores: 1)
spawned uWSGI worker 10 (pid: 6920, cores: 1)
SIGINT/SIGQUIT received...killing workers...
worker 1 buried after 1 seconds
worker 2 buried after 1 seconds
worker 3 buried after 1 seconds
worker 4 buried after 1 seconds
worker 5 buried after 1 seconds
worker 6 buried after 1 seconds
worker 7 buried after 1 seconds
worker 8 buried after 1 seconds
worker 9 buried after 1 seconds
worker 10 buried after 1 seconds
goodbye to uWSGI.
VACUUM: unix socket /tmp/fifoandlifo.sock removed.
*** Starting uWSGI 2.0.15-debian (64bit) on [Tue Jun 18 08:16:03 2019] ***
compiled with version: 7.3.0 on 28 September 2018 15:41:15
os: Linux-4.15.0-51-generic #55-Ubuntu SMP Wed May 15 14:27:21 UTC 2019
nodename: vps699812
machine: x86_64
clock source: unix
pcre jit disabled
detected number of CPU cores: 1
current working directory: /var/www/html/fifo_and_lifo
detected binary path: /usr/bin/uwsgi-core
dropping root privileges as early as possible
uWSGI running as root, you can use --uid/--gid/--chroot options
*** WARNING: you are running uWSGI as root !!! (use the --uid flag) *** 
chdir() to /var/www/html/fifo_and_lifo
your processes number limit is 7679
your memory page size is 4096 bytes
detected max file descriptor number: 1024
lock engine: pthread robust mutexes
thunder lock: disabled (you can enable it with --thunder-lock)
uwsgi socket 0 bound to UNIX address /tmp/fifoandlifo.sock fd 3
dropping root privileges after socket binding
uWSGI running as root, you can use --uid/--gid/--chroot options
*** WARNING: you are running uWSGI as root !!! (use the --uid flag) *** 
Python version: 3.6.8 (default, Jan 14 2019, 11:02:34)  [GCC 8.0.1 20180414 (experimental) [trunk revision 259383]]
*** Python threads support is disabled. You can enable it with --enable-threads ***
Python main interpreter initialized at 0x5635cc3356a0
dropping root privileges after plugin initialization
uWSGI running as root, you can use --uid/--gid/--chroot options
*** WARNING: you are running uWSGI as root !!! (use the --uid flag) *** 
your server socket listen backlog is limited to 100 connections
your mercy for graceful operations on workers is 60 seconds
mapped 800448 bytes (781 KB) for 10 cores
*** Operational MODE: preforking ***
ModuleNotFoundError: No module named 'main.app'; 'main' is not a package
unable to load app 0 (mountpoint='') (callable not found or import error)
*** no app loaded. going in full dynamic mode ***
dropping root privileges after application loading
uWSGI running as root, you can use --uid/--gid/--chroot options
*** WARNING: you are running uWSGI as root !!! (use the --uid flag) *** 
*** uWSGI is running in multiple interpreter mode ***
spawned uWSGI master process (pid: 6925)
spawned uWSGI worker 1 (pid: 6927, cores: 1)
spawned uWSGI worker 2 (pid: 6928, cores: 1)
spawned uWSGI worker 3 (pid: 6929, cores: 1)
spawned uWSGI worker 4 (pid: 6930, cores: 1)
spawned uWSGI worker 5 (pid: 6931, cores: 1)
spawned uWSGI worker 6 (pid: 6932, cores: 1)
spawned uWSGI worker 7 (pid: 6933, cores: 1)
spawned uWSGI worker 8 (pid: 6934, cores: 1)
spawned uWSGI worker 9 (pid: 6935, cores: 1)
spawned uWSGI worker 10 (pid: 6936, cores: 1)
SIGINT/SIGQUIT received...killing workers...
worker 1 buried after 1 seconds
worker 5 buried after 1 seconds
worker 6 buried after 1 seconds
worker 10 buried after 1 seconds
worker 2 buried after 2 seconds
worker 3 buried after 2 seconds
worker 4 buried after 2 seconds
worker 7 buried after 2 seconds
worker 8 buried after 2 seconds
worker 9 buried after 2 seconds
goodbye to uWSGI.
VACUUM: unix socket /tmp/fifoandlifo.sock removed.
*** Starting uWSGI 2.0.15-debian (64bit) on [Tue Jun 18 08:24:05 2019] ***
compiled with version: 7.3.0 on 28 September 2018 15:41:15
os: Linux-4.15.0-51-generic #55-Ubuntu SMP Wed May 15 14:27:21 UTC 2019
nodename: vps699812
machine: x86_64
clock source: unix
pcre jit disabled
detected number of CPU cores: 1
current working directory: /var/www/html/fifo_and_lifo
detected binary path: /usr/bin/uwsgi-core
dropping root privileges as early as possible
uWSGI running as root, you can use --uid/--gid/--chroot options
*** WARNING: you are running uWSGI as root !!! (use the --uid flag) *** 
chdir() to /var/www/html/fifo_and_lifo
your processes number limit is 7679
your memory page size is 4096 bytes
detected max file descriptor number: 1024
lock engine: pthread robust mutexes
thunder lock: disabled (you can enable it with --thunder-lock)
uwsgi socket 0 bound to UNIX address /tmp/fifoandlifo.sock fd 3
dropping root privileges after socket binding
uWSGI running as root, you can use --uid/--gid/--chroot options
*** WARNING: you are running uWSGI as root !!! (use the --uid flag) *** 
Python version: 3.6.8 (default, Jan 14 2019, 11:02:34)  [GCC 8.0.1 20180414 (experimental) [trunk revision 259383]]
*** Python threads support is disabled. You can enable it with --enable-threads ***
Python main interpreter initialized at 0x55ab1f0756a0
dropping root privileges after plugin initialization
uWSGI running as root, you can use --uid/--gid/--chroot options
*** WARNING: you are running uWSGI as root !!! (use the --uid flag) *** 
your server socket listen backlog is limited to 100 connections
your mercy for graceful operations on workers is 60 seconds
mapped 800448 bytes (781 KB) for 10 cores
*** Operational MODE: preforking ***
WSGI app 0 (mountpoint='') ready in 0 seconds on interpreter 0x55ab1f0756a0 pid: 7045 (default app)
dropping root privileges after application loading
uWSGI running as root, you can use --uid/--gid/--chroot options
*** WARNING: you are running uWSGI as root !!! (use the --uid flag) *** 
*** uWSGI is running in multiple interpreter mode ***
spawned uWSGI master process (pid: 7045)
spawned uWSGI worker 1 (pid: 7047, cores: 1)
spawned uWSGI worker 2 (pid: 7048, cores: 1)
spawned uWSGI worker 3 (pid: 7049, cores: 1)
spawned uWSGI worker 4 (pid: 7050, cores: 1)
spawned uWSGI worker 5 (pid: 7051, cores: 1)
spawned uWSGI worker 6 (pid: 7052, cores: 1)
spawned uWSGI worker 7 (pid: 7053, cores: 1)
spawned uWSGI worker 8 (pid: 7054, cores: 1)
spawned uWSGI worker 9 (pid: 7055, cores: 1)
spawned uWSGI worker 10 (pid: 7056, cores: 1)
SIGINT/SIGQUIT received...killing workers...
worker 1 buried after 1 seconds
worker 2 buried after 1 seconds
worker 3 buried after 1 seconds
worker 4 buried after 1 seconds
worker 5 buried after 1 seconds
worker 6 buried after 1 seconds
worker 7 buried after 1 seconds
worker 8 buried after 1 seconds
worker 9 buried after 1 seconds
worker 10 buried after 1 seconds
goodbye to uWSGI.
VACUUM: unix socket /tmp/fifoandlifo.sock removed.
*** Starting uWSGI 2.0.15-debian (64bit) on [Tue Jun 18 08:26:48 2019] ***
compiled with version: 7.3.0 on 28 September 2018 15:41:15
os: Linux-4.15.0-51-generic #55-Ubuntu SMP Wed May 15 14:27:21 UTC 2019
nodename: vps699812
machine: x86_64
clock source: unix
pcre jit disabled
detected number of CPU cores: 1
current working directory: /var/www/html/fifo_and_lifo
detected binary path: /usr/bin/uwsgi-core
dropping root privileges as early as possible
setgid() to 33
setuid() to 33
chdir() to /var/www/html/fifo_and_lifo
your processes number limit is 7679
your memory page size is 4096 bytes
detected max file descriptor number: 1024
lock engine: pthread robust mutexes
thunder lock: disabled (you can enable it with --thunder-lock)
uwsgi socket 0 bound to UNIX address /tmp/fifoandlifo.sock fd 3
dropping root privileges after socket binding
Python version: 3.6.8 (default, Jan 14 2019, 11:02:34)  [GCC 8.0.1 20180414 (experimental) [trunk revision 259383]]
*** Python threads support is disabled. You can enable it with --enable-threads ***
Python main interpreter initialized at 0x55da625ce180
dropping root privileges after plugin initialization
your server socket listen backlog is limited to 100 connections
your mercy for graceful operations on workers is 60 seconds
mapped 800448 bytes (781 KB) for 10 cores
*** Operational MODE: preforking ***
WSGI app 0 (mountpoint='') ready in 0 seconds on interpreter 0x55da625ce180 pid: 7075 (default app)
dropping root privileges after application loading
*** uWSGI is running in multiple interpreter mode ***
spawned uWSGI master process (pid: 7075)
spawned uWSGI worker 1 (pid: 7077, cores: 1)
spawned uWSGI worker 2 (pid: 7078, cores: 1)
spawned uWSGI worker 3 (pid: 7079, cores: 1)
spawned uWSGI worker 4 (pid: 7080, cores: 1)
spawned uWSGI worker 5 (pid: 7081, cores: 1)
spawned uWSGI worker 6 (pid: 7082, cores: 1)
spawned uWSGI worker 7 (pid: 7083, cores: 1)
spawned uWSGI worker 8 (pid: 7084, cores: 1)
spawned uWSGI worker 9 (pid: 7085, cores: 1)
spawned uWSGI worker 10 (pid: 7086, cores: 1)
[pid: 7083|app: 0|req: 1/1] 139.26.248.22 () {42 vars in 753 bytes} [Tue Jun 18 08:27:07 2019] GET / => generated 13 bytes in 7 msecs (HTTP/1.1 200) 2 headers in 79 bytes (2 switches on core 0)
SIGINT/SIGQUIT received...killing workers...
worker 1 buried after 1 seconds
worker 2 buried after 1 seconds
worker 3 buried after 1 seconds
worker 4 buried after 1 seconds
worker 5 buried after 1 seconds
worker 6 buried after 1 seconds
worker 7 buried after 1 seconds
worker 8 buried after 1 seconds
worker 9 buried after 1 seconds
worker 10 buried after 1 seconds
goodbye to uWSGI.
VACUUM: unix socket /tmp/fifoandlifo.sock removed.
